TN:
SF:C:\Users\KAKA\Desktop\UI\app.js
FN:23,(anonymous_0)
FN:39,(anonymous_1)
FN:45,(anonymous_2)
FNF:3
FNH:1
FNDA:4,(anonymous_0)
FNDA:0,(anonymous_1)
FNDA:0,(anonymous_2)
DA:1,1
DA:3,1
DA:4,1
DA:5,1
DA:6,1
DA:8,1
DA:18,1
DA:19,1
DA:20,1
DA:23,1
DA:24,4
DA:25,4
DA:27,4
DA:28,0
DA:29,0
DA:31,4
DA:37,1
DA:39,1
DA:40,0
DA:41,0
DA:42,0
DA:45,1
DA:46,0
DA:47,0
DA:54,1
LF:25
LH:18
BRDA:27,0,0,0
BRDA:27,0,1,4
BRDA:46,1,0,0
BRDA:46,1,1,0
BRF:4
BRH:1
end_of_record
TN:
SF:C:\Users\KAKA\Desktop\UI\controllers\question.js
FN:3,(anonymous_0)
FN:9,(anonymous_1)
FN:20,(anonymous_2)
FN:35,(anonymous_3)
FNF:4
FNH:4
FNDA:1,(anonymous_0)
FNDA:1,(anonymous_1)
FNDA:1,(anonymous_2)
FNDA:1,(anonymous_3)
DA:1,1
DA:3,1
DA:4,1
DA:9,1
DA:10,1
DA:11,1
DA:12,5
DA:13,0
DA:20,1
DA:21,1
DA:29,1
DA:35,1
DA:36,1
DA:43,1
LF:14
LH:13
BRDA:12,0,0,0
BRDA:12,0,1,5
BRF:2
BRH:1
end_of_record
TN:
SF:C:\Users\KAKA\Desktop\UI\routes\question.js
FNF:0
FNH:0
DA:1,1
DA:3,1
DA:4,1
DA:6,1
DA:8,1
DA:9,1
DA:10,1
DA:11,1
DA:13,1
LF:9
LH:9
BRF:0
BRH:0
end_of_record
