TN:
SF:C:\Users\KAKA\Desktop\UI\app.js
FN:23,(anonymous_0)
FN:39,(anonymous_1)
FN:45,(anonymous_2)
FNF:3
FNH:1
FNDA:4,(anonymous_0)
FNDA:0,(anonymous_1)
FNDA:0,(anonymous_2)
DA:1,1
DA:3,1
DA:4,1
DA:5,1
DA:6,1
DA:8,1
DA:18,1
DA:19,1
DA:20,1
DA:23,1
DA:24,4
DA:25,4
DA:27,4
DA:28,0
DA:29,0
DA:31,4
DA:37,1
DA:39,1
DA:40,0
DA:41,0
DA:42,0
DA:45,1
DA:46,0
DA:47,0
DA:54,1
LF:25
LH:18
BRDA:27,0,0,0
BRDA:27,0,1,4
BRDA:46,1,0,0
BRDA:46,1,1,0
BRF:4
BRH:1
end_of_record
TN:
SF:C:\Users\KAKA\Desktop\UI\routes\question.js
FNF:0
FNH:0
DA:1,1
DA:3,1
DA:4,1
DA:6,1
DA:8,1
DA:9,1
DA:10,1
DA:11,1
DA:13,1
LF:9
LH:9
BRF:0
BRH:0
end_of_record
TN:
SF:C:\Users\KAKA\Desktop\UI\test\appTest.js
FN:9,(anonymous_0)
FN:10,(anonymous_1)
FN:13,(anonymous_2)
FN:20,(anonymous_3)
FN:21,(anonymous_4)
FN:32,(anonymous_5)
FN:40,(anonymous_6)
FN:41,(anonymous_7)
FN:54,(anonymous_8)
FN:61,(anonymous_9)
FN:62,(anonymous_10)
FN:73,(anonymous_11)
FNF:12
FNH:11
FNDA:1,(anonymous_0)
FNDA:1,(anonymous_1)
FNDA:1,(anonymous_2)
FNDA:1,(anonymous_3)
FNDA:1,(anonymous_4)
FNDA:0,(anonymous_5)
FNDA:1,(anonymous_6)
FNDA:1,(anonymous_7)
FNDA:1,(anonymous_8)
FNDA:1,(anonymous_9)
FNDA:1,(anonymous_10)
FNDA:1,(anonymous_11)
DA:1,1
DA:2,1
DA:4,1
DA:6,1
DA:7,1
DA:9,1
DA:10,1
DA:11,1
DA:14,1
DA:15,1
DA:20,1
DA:21,1
DA:22,1
DA:29,1
DA:33,0
DA:34,0
DA:36,1
DA:40,1
DA:41,1
DA:42,1
DA:51,1
DA:55,1
DA:56,1
DA:61,1
DA:62,1
DA:63,1
DA:70,1
DA:74,1
DA:75,1
DA:76,1
DA:77,1
LF:31
LH:29
BRF:0
BRH:0
end_of_record
